{"numTotalTestSuites":2,"numPassedTestSuites":0,"numFailedTestSuites":2,"numPendingTestSuites":0,"numTotalTests":4,"numPassedTests":2,"numFailedTests":2,"numPendingTests":0,"numTodoTests":0,"snapshot":{"added":0,"failure":false,"filesAdded":0,"filesRemoved":0,"filesRemovedList":[],"filesUnmatched":0,"filesUpdated":0,"matched":0,"total":0,"unchecked":0,"uncheckedKeysByFile":[],"unmatched":0,"updated":0,"didUpdate":false},"startTime":1773378704163,"success":false,"testResults":[{"assertionResults":[{"ancestorTitles":["SimulationIntegration - Supabase Sync"],"fullName":"SimulationIntegration - Supabase Sync loads initial posts from Supabase","status":"passed","title":"loads initial posts from Supabase","duration":29.417200000000093,"failureMessages":[],"meta":{},"tags":[]},{"ancestorTitles":["SimulationIntegration - Supabase Sync"],"fullName":"SimulationIntegration - Supabase Sync handles realtime INSERT for new root posts","status":"failed","title":"handles realtime INSERT for new root posts","duration":10.285200000000032,"failureMessages":["AssertionError: expected '0' to be '1' // Object.is equality\n    at D:/22HP1A4455 SS/Agora/src/SimulationIntegration.test.jsx:105:58\n    at file:///D:/22HP1A4455%20SS/Agora/node_modules/@vitest/runner/dist/index.js:1258:20"],"meta":{},"tags":[]},{"ancestorTitles":["SimulationIntegration - Supabase Sync"],"fullName":"SimulationIntegration - Supabase Sync handles realtime INSERT for replies to existing posts","status":"failed","title":"handles realtime INSERT for replies to existing posts","duration":8.147300000000087,"failureMessages":["TestingLibraryElementError: Unable to find an element by: [data-testid=\"reply-reply_1\"]\n\nIgnored nodes: comments, script, style\n\u001b[36m<body>\u001b[39m\n  \u001b[36m<div>\u001b[39m\n    \u001b[36m<div\u001b[39m\n      \u001b[33mdata-testid\u001b[39m=\u001b[32m\"feed\"\u001b[39m\n    \u001b[36m>\u001b[39m\n      \u001b[36m<span\u001b[39m\n        \u001b[33mdata-testid\u001b[39m=\u001b[32m\"post-count\"\u001b[39m\n      \u001b[36m>\u001b[39m\n        \u001b[0m1\u001b[0m\n      \u001b[36m</span>\u001b[39m\n      \u001b[36m<div\u001b[39m\n        \u001b[33mdata-testid\u001b[39m=\u001b[32m\"post-parent_1\"\u001b[39m\n      \u001b[36m>\u001b[39m\n        \u001b[0mRoot Post\u001b[0m\n        \u001b[0m - Likes: \u001b[0m\n        \u001b[0m0\u001b[0m\n      \u001b[36m</div>\u001b[39m\n    \u001b[36m</div>\u001b[39m\n  \u001b[36m</div>\u001b[39m\n\u001b[36m</body>\u001b[39m\n    at Object.getElementError (D:\\22HP1A4455 SS\\Agora\\node_modules\\@testing-library\\dom\\dist\\config.js:37:19)\n    at D:\\22HP1A4455 SS\\Agora\\node_modules\\@testing-library\\dom\\dist\\query-helpers.js:76:38\n    at D:\\22HP1A4455 SS\\Agora\\node_modules\\@testing-library\\dom\\dist\\query-helpers.js:52:17\n    at D:\\22HP1A4455 SS\\Agora\\node_modules\\@testing-library\\dom\\dist\\query-helpers.js:95:19\n    at D:/22HP1A4455 SS/Agora/src/SimulationIntegration.test.jsx:135:19\n    at file:///D:/22HP1A4455%20SS/Agora/node_modules/@vitest/runner/dist/index.js:1258:20"],"meta":{},"tags":[]},{"ancestorTitles":["SimulationIntegration - Supabase Sync"],"fullName":"SimulationIntegration - Supabase Sync handles realtime UPDATE for engagement counts (likes/shares)","status":"passed","title":"handles realtime UPDATE for engagement counts (likes/shares)","duration":4.263000000000147,"failureMessages":[],"meta":{},"tags":[]}],"startTime":1773378705844,"endTime":1773378705896.263,"status":"failed","message":"","name":"D:/22HP1A4455 SS/Agora/src/SimulationIntegration.test.jsx"}]}
